<?xml version="1.0" encoding="UTF-8"?>
<!-- Generated by org.testng.reporters.JUnitReportReporter -->
<testsuite hostname="Sahil-Geras-MacBook-Air.local" name="frontend.tests.TestSuite" tests="1" failures="0" timestamp="11 Jan 2016 20:59:25 GMT" time="1.502" errors="0">
  <testcase name="fillContactUs" time="1.502" classname="frontend.tests.TestSuite"/>
</testsuite> <!-- frontend.tests.TestSuite -->
