<?xml version="1.0" encoding="UTF-8"?>
<!-- Generated by org.testng.reporters.JUnitReportReporter -->
<testsuite hostname="Sahil-Geras-MacBook-Air.local" name="frontend.tests.WhatWeDoValidation" tests="1" failures="0" timestamp="17 Jan 2016 01:39:49 GMT" time="0.462" errors="0">
  <testcase name="HeaderText" time="0.462" classname="frontend.tests.WhatWeDoValidation"/>
</testsuite> <!-- frontend.tests.WhatWeDoValidation -->
