<?xml version="1.0" encoding="UTF-8"?>
<!-- Generated by org.testng.reporters.JUnitReportReporter -->
<testsuite hostname="Sahil-Geras-MacBook-Air.local" name="frontend.tests.TestClass" tests="1" failures="0" timestamp="21 Jan 2016 16:10:48 GMT" time="0.232" errors="0">
  <testcase name="Test" time="0.232" classname="frontend.tests.TestClass"/>
</testsuite> <!-- frontend.tests.TestClass -->
