<?xml version="1.0" encoding="UTF-8"?>
<!-- Generated by org.testng.reporters.JUnitReportReporter -->
<testsuite hostname="Sahil-Geras-MacBook-Air.local" name="frontend.tests.BlogPageValidation" tests="3" failures="0" timestamp="21 Jan 2016 16:32:00 GMT" time="1.832" errors="0">
  <testcase name="verifyShareArticle" time="1.507" classname="frontend.tests.BlogPageValidation"/>
  <testcase name="verifyReadMore" time="0.064" classname="frontend.tests.BlogPageValidation"/>
  <testcase name="verifyEmailField" time="0.261" classname="frontend.tests.BlogPageValidation"/>
</testsuite> <!-- frontend.tests.BlogPageValidation -->
